<?xml version="1.0" encoding="utf-8"?><testsuites name="pytest tests"><testsuite name="pytest" errors="0" failures="0" skipped="0" tests="9" time="17.960" timestamp="2026-02-28T05:46:58.958206+00:00" hostname="agent-env-414d245d-49da-4947-b645-7abeef9e129f"><testcase classname="backend.tests.test_diagnostic_api.TestRootAPI" name="test_api_root_returns_message" time="0.171" /><testcase classname="backend.tests.test_diagnostic_api.TestDiagnosticAnalyze" name="test_analyze_diagnostic_artisanal_segment" time="4.091" /><testcase classname="backend.tests.test_diagnostic_api.TestDiagnosticAnalyze" name="test_analyze_diagnostic_transition_segment" time="5.442" /><testcase classname="backend.tests.test_diagnostic_api.TestDiagnosticAnalyze" name="test_analyze_diagnostic_machine_segment" time="3.680" /><testcase classname="backend.tests.test_diagnostic_api.TestDiagnosticAnalyze" name="test_analyze_diagnostic_missing_fields" time="0.176" /><testcase classname="backend.tests.test_diagnostic_api.TestDiagnosticAnalyze" name="test_analyze_diagnostic_empty_payload" time="0.159" /><testcase classname="backend.tests.test_diagnostic_api.TestDiagnosticAnalyze" name="test_investmentlesson_content_quality" time="3.868" /><testcase classname="backend.tests.test_diagnostic_api.TestStatusEndpoint" name="test_create_status_check" time="0.129" /><testcase classname="backend.tests.test_diagnostic_api.TestStatusEndpoint" name="test_get_status_checks" time="0.116" /></testsuite></testsuites>