<?xml version="1.0" encoding="utf-8"?><testsuites name="pytest tests"><testsuite name="pytest" errors="0" failures="0" skipped="0" tests="8" time="15.657" timestamp="2026-02-25T22:53:24.811933+00:00" hostname="agent-env-414d245d-49da-4947-b645-7abeef9e129f"><testcase classname="backend.tests.test_diagnostic_api.TestRootAPI" name="test_api_root_returns_message" time="0.180" /><testcase classname="backend.tests.test_diagnostic_api.TestDiagnosticAnalyze" name="test_analyze_diagnostic_artisanal_segment" time="5.541" /><testcase classname="backend.tests.test_diagnostic_api.TestDiagnosticAnalyze" name="test_analyze_diagnostic_transition_segment" time="4.749" /><testcase classname="backend.tests.test_diagnostic_api.TestDiagnosticAnalyze" name="test_analyze_diagnostic_machine_segment" time="4.438" /><testcase classname="backend.tests.test_diagnostic_api.TestDiagnosticAnalyze" name="test_analyze_diagnostic_missing_fields" time="0.176" /><testcase classname="backend.tests.test_diagnostic_api.TestDiagnosticAnalyze" name="test_analyze_diagnostic_empty_payload" time="0.116" /><testcase classname="backend.tests.test_diagnostic_api.TestStatusEndpoint" name="test_create_status_check" time="0.183" /><testcase classname="backend.tests.test_diagnostic_api.TestStatusEndpoint" name="test_get_status_checks" time="0.169" /></testsuite></testsuites>